<?xml version="1.0" encoding="UTF-8"?>
<!-- Generated by org.testng.reporters.JUnitReportReporter -->
<testsuite hostname="DESKTOP-GSIQ13O" failures="0" tests="12" name="com.dell.automation.APICategoryTest" time="3.446" errors="0" timestamp="2022-05-21T11:35:29 EET" skipped="0">
  <testcase classname="com.dell.automation.APICategoryTest" name="defaultLimitSkip" time="1.706"/>
  <system-out/>
  <testcase classname="com.dell.automation.APICategoryTest" name="maximLimit" time="0.204"/>
  <system-out/>
  <testcase classname="com.dell.automation.APICategoryTest" name="minimumLimit" time="0.065"/>
  <system-out/>
  <testcase classname="com.dell.automation.APICategoryTest" name="negativeLimit" time="0.075"/>
  <system-out/>
  <testcase classname="com.dell.automation.APICategoryTest" name="overLimit" time="0.153"/>
  <system-out/>
  <testcase classname="com.dell.automation.APICategoryTest" name="createCategoryWithoutName" time="0.155"/>
  <system-out/>
  <testcase classname="com.dell.automation.APICategoryTest" name="createCategory" time="0.066"/>
  <system-out/>
  <testcase classname="com.dell.automation.APICategoryTest" name="getCategoryById" time="0.792"/>
  <system-out/>
  <testcase classname="com.dell.automation.APICategoryTest" name="updateRequestById" time="0.064"/>
  <system-out/>
  <testcase classname="com.dell.automation.APICategoryTest" name="deleteCategoryById" time="0.130"/>
  <system-out/>
  <testcase classname="com.dell.automation.APICategoryTest" name="getCategoryWithInvalidID" time="0.018"/>
  <system-out/>
  <testcase classname="com.dell.automation.APICategoryTest" name="deleteCategoryByInvalidId" time="0.018"/>
  <system-out/>
</testsuite> <!-- com.dell.automation.APICategoryTest -->
